<?xml version="1.0" encoding="UTF-8"?>
<!-- Generated by org.testng.reporters.JUnitReportReporter -->
<testsuite hostname="IBM372-PC09Z6VS" name="com.cognitivescale.test.FacebookSingnUpTest" tests="1" failures="0" timestamp="16 Oct 2018 13:50:31 GMT" time="4.973" errors="0">
  <testcase name="facebookSignUPForm" time="4.973" classname="com.cognitivescale.test.FacebookSingnUpTest"/>
</testsuite> <!-- com.cognitivescale.test.FacebookSingnUpTest -->
