<?xml version="1.0" encoding="UTF-8"?>
<!-- Generated by org.testng.reporters.JUnitReportReporter -->
<testsuite hostname="IBM372-PC09Z6VS" name="com.cognitivescale.framework.common.Runner" tests="1" failures="0" timestamp="12 Oct 2018 15:11:42 GMT" time="7.081" errors="0">
  <testcase name="run" time="7.081" classname="com.cognitivescale.framework.common.Runner"/>
</testsuite> <!-- com.cognitivescale.framework.common.Runner -->
