<?xml version="1.0" encoding="UTF-8"?>
<!-- Generated by org.testng.reporters.JUnitReportReporter -->
<testsuite hostname="IBM372-PC09Z6VS" name="com.cognitivescale.test.Runner" tests="1" failures="0" timestamp="13 Oct 2018 08:33:03 GMT" time="12.882" errors="0">
  <testcase name="run" time="12.882" classname="com.cognitivescale.test.Runner"/>
</testsuite> <!-- com.cognitivescale.test.Runner -->
