<?xml version="1.0" encoding="UTF-8"?>
<!-- Generated by org.testng.reporters.JUnitReportReporter -->
<testsuite hostname="IBM372-PC09Z6VS" name="com.cognitivescale.test.FacebookSingnUpTest" tests="1" failures="0" timestamp="17 Oct 2018 15:09:27 GMT" time="5.253" errors="0">
  <testcase name="facebookSignUPForm" time="5.253" classname="com.cognitivescale.test.FacebookSingnUpTest"/>
</testsuite> <!-- com.cognitivescale.test.FacebookSingnUpTest -->
